DARK GLORYSSON atacou (22.1x29.824001) MONTARO
MONTARO atacou (21.6x13.72) DARK GLORYSSON
DARK GLORYSSON perdeu 8 pontos de vida
DARK GLORYSSON atacou (22.5x15.664) MONTARO
MONTARO perdeu 8 pontos de vida
MONTARO atacou (17.5x24.57) DARK GLORYSSON
DARK GLORYSSON atacou (22.5x13.54) MONTARO
MONTARO perdeu 8 pontos de vida
MONTARO atacou (17.7x26.119999) DARK GLORYSSON
DARK GLORYSSON atacou (22.0x20.974) MONTARO
MONTARO perdeu 8 pontos de vida
MONTARO atacou (17.7x30.15) DARK GLORYSSON
DARK GLORYSSON atacou (23.6x26.284) MONTARO
MONTARO atacou (20.3x20.23) DARK GLORYSSON
DARK GLORYSSON perdeu 8 pontos de vida
DARK GLORYSSON venceu a partida
DARK GLORYSSON descansou
MELLAYNE atacou (26.48x22.21) MATILDA
MATILDA perdeu 8 pontos de vida
MATILDA atacou (22.08x22.054) MELLAYNE
MELLAYNE perdeu 8 pontos de vida
MELLAYNE atacou (24.96x28.81) MATILDA
MATILDA atacou (21.84x22.3) MELLAYNE
MELLAYNE atacou (26.64x18.58) MATILDA
MATILDA perdeu 8 pontos de vida
MATILDA atacou (21.6x23.037998) MELLAYNE
MELLAYNE atacou (24.0x26.83) MATILDA
MATILDA atacou (21.04x26.236) MELLAYNE
MELLAYNE atacou (24.4x25.18) MATILDA
MATILDA atacou (19.52x20.824001) MELLAYNE
MELLAYNE venceu a partida
MELLAYNE descansou
GRYN atacou (17.61x27.69) LORD BLACK
LORD BLACK atacou (22.62x25.54) GRYN
GRYN atacou (17.43x25.66) LORD BLACK
LORD BLACK atacou (22.5x21.1) GRYN
GRYN perdeu 8 pontos de vida
GRYN atacou (19.5x22.470001) LORD BLACK
LORD BLACK atacou (22.24x15.92) GRYN
GRYN perdeu 8 pontos de vida
GRYN atacou (19.59x19.279999) LORD BLACK
LORD BLACK perdeu 8 pontos de vida
LORD BLACK atacou (23.3x20.73) GRYN
GRYN perdeu 8 pontos de vida
GRYN atacou (19.95x26.82) LORD BLACK
LORD BLACK atacou (23.24x27.02) GRYN
LORD BLACK venceu a partida
LORD BLACK descansou
DARK GLORYSSON atacou (19.7x14.428) MELLAYNE
MELLAYNE perdeu 8 pontos de vida
MELLAYNE atacou (26.2x27.36) DARK GLORYSSON
DARK GLORYSSON atacou (20.6x15.903999) MELLAYNE
MELLAYNE perdeu 8 pontos de vida
MELLAYNE atacou (27.0x25.81) DARK GLORYSSON
DARK GLORYSSON perdeu 8 pontos de vida
DARK GLORYSSON atacou (23.4x15.166) MELLAYNE
MELLAYNE perdeu 8 pontos de vida
MELLAYNE atacou (27.8x30.460001) DARK GLORYSSON
DARK GLORYSSON atacou (22.4x20.578) MELLAYNE
MELLAYNE perdeu 8 pontos de vida
MELLAYNE atacou (27.9x26.74) DARK GLORYSSON
DARK GLORYSSON perdeu 8 pontos de vida
DARK GLORYSSON atacou (20.1x14.182) MELLAYNE
MELLAYNE perdeu 8 pontos de vida
MELLAYNE atacou (23.3x26.74) DARK GLORYSSON
DARK GLORYSSON venceu a partida
DARK GLORYSSON descansou
DARK GLORYSSON atacou (19.0x22.76) LORD BLACK
LORD BLACK atacou (23.55x28.289999) DARK GLORYSSON
DARK GLORYSSON atacou (18.8x26.82) LORD BLACK
LORD BLACK atacou (25.25x21.779999) DARK GLORYSSON
DARK GLORYSSON perdeu 8 pontos de vida
DARK GLORYSSON atacou (19.1x28.56) LORD BLACK
LORD BLACK atacou (23.8x18.06) DARK GLORYSSON
DARK GLORYSSON perdeu 8 pontos de vida
DARK GLORYSSON atacou (21.0x25.369999) LORD BLACK
LORD BLACK atacou (25.1x16.82) DARK GLORYSSON
DARK GLORYSSON perdeu 8 pontos de vida
DARK GLORYSSON atacou (20.8x20.73) LORD BLACK
LORD BLACK perdeu 8 pontos de vida
LORD BLACK atacou (23.6x18.06) DARK GLORYSSON
DARK GLORYSSON perdeu 8 pontos de vida
LORD BLACK venceu a partida
LORD BLACK descansou
