DARK GLORYSSON atacou (18.2x30.178001) MONTARO
MONTARO atacou (17.9x26.74) DARK GLORYSSON
DARK GLORYSSON atacou (19.6x15.664) MONTARO
MONTARO perdeu 8 pontos de vida
MONTARO atacou (20.4x29.53) DARK GLORYSSON
DARK GLORYSSON atacou (23.0x33.010002) MONTARO
MONTARO atacou (18.7x24.57) DARK GLORYSSON
DARK GLORYSSON atacou (22.5x28.408) MONTARO
MONTARO atacou (18.2x25.5) DARK GLORYSSON
DARK GLORYSSON atacou (22.9x24.868) MONTARO
MONTARO atacou (21.5x17.75) DARK GLORYSSON
DARK GLORYSSON perdeu 8 pontos de vida
DARK GLORYSSON atacou (22.0x18.142) MONTARO
MONTARO perdeu 8 pontos de vida
MONTARO atacou (19.8x17.130001) DARK GLORYSSON
DARK GLORYSSON perdeu 8 pontos de vida
DARK GLORYSSON atacou (20.3x31.948002) MONTARO
MONTARO atacou (21.5x20.849998) DARK GLORYSSON
DARK GLORYSSON perdeu 8 pontos de vida
DARK GLORYSSON atacou (20.8x14.956) MONTARO
MONTARO perdeu 8 pontos de vida
MONTARO atacou (21.2x28.289999) DARK GLORYSSON
DARK GLORYSSON atacou (19.3x18.142) MONTARO
MONTARO perdeu 8 pontos de vida
MONTARO atacou (21.0x25.19) DARK GLORYSSON
DARK GLORYSSON atacou (18.6x29.470001) MONTARO
MONTARO atacou (22.0x23.64) DARK GLORYSSON
DARK GLORYSSON atacou (20.3x32.656) MONTARO
DARK GLORYSSON venceu a partida
DARK GLORYSSON descansou
