0 info it worked if it ends with ok
1 verbose cli [ '/usr/local/bin/node',
1 verbose cli   '/usr/bin/npm',
1 verbose cli   'run',
1 verbose cli   'gulp',
1 verbose cli   'build-css' ]
2 info using npm@3.10.10
3 info using node@v9.11.1
4 verbose run-script [ 'pregulp', 'gulp', 'postgulp' ]
5 info lifecycle guilherme-farah@1.0.0~pregulp: guilherme-farah@1.0.0
6 silly lifecycle guilherme-farah@1.0.0~pregulp: no script for pregulp, continuing
7 info lifecycle guilherme-farah@1.0.0~gulp: guilherme-farah@1.0.0
8 verbose lifecycle guilherme-farah@1.0.0~gulp: unsafe-perm in lifecycle true
9 verbose lifecycle guilherme-farah@1.0.0~gulp: PATH: /usr/lib/node_modules/npm/bin/node-gyp-bin:/home/farah/dctb-utfpr-2018-1/programacao-web/Atividades/A10 - Automatizadores para Web/guilherme-farah/node_modules/.bin:/home/farah/bin:/home/farah/.local/bin:/usr/local/sbin:/usr/local/bin:/usr/sbin:/usr/bin:/sbin:/bin:/usr/games:/usr/local/games:/snap/bin
10 verbose lifecycle guilherme-farah@1.0.0~gulp: CWD: /home/farah/dctb-utfpr-2018-1/programacao-web/Atividades/A10 - Automatizadores para Web/guilherme-farah
11 silly lifecycle guilherme-farah@1.0.0~gulp: Args: [ '-c', 'gulp "build-css"' ]
12 silly lifecycle guilherme-farah@1.0.0~gulp: Returned: code: 1  signal: null
13 info lifecycle guilherme-farah@1.0.0~gulp: Failed to exec gulp script
14 verbose stack Error: guilherme-farah@1.0.0 gulp: `gulp "build-css"`
14 verbose stack Exit status 1
14 verbose stack     at EventEmitter.<anonymous> (/usr/lib/node_modules/npm/lib/utils/lifecycle.js:255:16)
14 verbose stack     at EventEmitter.emit (events.js:180:13)
14 verbose stack     at ChildProcess.<anonymous> (/usr/lib/node_modules/npm/lib/utils/spawn.js:40:14)
14 verbose stack     at ChildProcess.emit (events.js:180:13)
14 verbose stack     at maybeClose (internal/child_process.js:936:16)
14 verbose stack     at Process.ChildProcess._handle.onexit (internal/child_process.js:220:5)
15 verbose pkgid guilherme-farah@1.0.0
16 verbose cwd /home/farah/dctb-utfpr-2018-1/programacao-web/Atividades/A10 - Automatizadores para Web/guilherme-farah
17 error Linux 4.13.0-38-generic
18 error argv "/usr/local/bin/node" "/usr/bin/npm" "run" "gulp" "build-css"
19 error node v9.11.1
20 error npm  v3.10.10
21 error code ELIFECYCLE
22 error guilherme-farah@1.0.0 gulp: `gulp "build-css"`
22 error Exit status 1
23 error Failed at the guilherme-farah@1.0.0 gulp script 'gulp "build-css"'.
23 error Make sure you have the latest version of node.js and npm installed.
23 error If you do, this is most likely a problem with the guilherme-farah package,
23 error not with npm itself.
23 error Tell the author that this fails on your system:
23 error     gulp "build-css"
23 error You can get information on how to open an issue for this project with:
23 error     npm bugs guilherme-farah
23 error Or if that isn't available, you can get their info via:
23 error     npm owner ls guilherme-farah
23 error There is likely additional logging output above.
24 verbose exit [ 1, true ]
